<?xml version="1.0" encoding="UTF-8"?>
<testsuite name="XLStoCSVTest.TestName.TestGroup.c:\Users\JoeDaddy\Downloads\NOAA.xlsx@main.c:\Users\JoeDaddy\Documents\NOAA.csv"
           tests="1"
           failures="1"
           errors="0"
           skipped="0"
           time="0.588">
  <properties />
            <testcase name="runTest" time="0.588" classname="com.gorski.ngTesting.XLStoCSVTest">
                <failure type="java.lang.NullPointerException"
                  message="(null)"
              >
<![CDATA[java.lang.NullPointerException
  com.gorski.Collections.XLSobject.collectData(XLSobject.java:85)
  com.gorski.Collections.XLSobject.<init>(XLSobject.java:28)
  com.gorski.ngTesting.XLStoCSVTest.runTest(XLStoCSVTest.java:28)
  sun.reflect.NativeMethodAccessorImpl.invoke0(Native Method)
  sun.reflect.NativeMethodAccessorImpl.invoke(Unknown Source)
  sun.reflect.DelegatingMethodAccessorImpl.invoke(Unknown Source)
  java.lang.reflect.Method.invoke(Unknown Source)
  org.testng.internal.MethodInvocationHelper.invokeMethod(MethodInvocationHelper.java:85)
  org.testng.internal.Invoker.invokeMethod(Invoker.java:696)
  org.testng.internal.Invoker.invokeTestMethod(Invoker.java:882)
  org.testng.internal.Invoker.invokeTestMethods(Invoker.java:1189)
  org.testng.internal.TestMethodWorker.invokeTestMethods(TestMethodWorker.java:124)
  org.testng.internal.TestMethodWorker.run(TestMethodWorker.java:108)
  org.testng.TestRunner.privateRun(TestRunner.java:767)
  org.testng.TestRunner.run(TestRunner.java:617)
  org.testng.SuiteRunner.runTest(SuiteRunner.java:348)
  org.testng.SuiteRunner.runSequentially(SuiteRunner.java:343)
  org.testng.SuiteRunner.privateRun(SuiteRunner.java:305)
  org.testng.SuiteRunner.run(SuiteRunner.java:254)
  org.testng.SuiteRunnerWorker.runSuite(SuiteRunnerWorker.java:52)
  org.testng.SuiteRunnerWorker.run(SuiteRunnerWorker.java:86)
  org.testng.TestNG.runSuitesSequentially(TestNG.java:1224)
  org.testng.TestNG.runSuitesLocally(TestNG.java:1149)
  org.testng.TestNG.run(TestNG.java:1057)
  com.gorski.ngTesting.ngTestDriver.main(ngTestDriver.java:89)
]]>
      </failure>

          </testcase>
  
  
  
</testsuite>
