<?xml version="1.0" encoding="UTF-8"?>
<testsuite name="XLStoCSVTest.TestName.TestGroup.c:\Users\JoeDaddy\Downloads\NOAA.xlsx@main.c:\Users\JoeDaddy\Documents\NOAA.csv"
           tests="1"
           failures="1"
           errors="0"
           skipped="0"
           time="0.240">
  <properties />
            <testcase name="runTest" time="0.240" classname="com.gorski.ngTesting.XLStoCSVTest">
                <failure type="java.lang.NoClassDefFoundError"
                  message="org/openxmlformats/schemas/drawingml/x2006/main/ThemeDocument"
              >
<![CDATA[java.lang.NoClassDefFoundError: org/openxmlformats/schemas/drawingml/x2006/main/ThemeDocument
  java.lang.Class.getDeclaredConstructors0(Native Method)
  java.lang.Class.privateGetDeclaredConstructors(Unknown Source)
  java.lang.Class.getConstructor0(Unknown Source)
  java.lang.Class.getDeclaredConstructor(Unknown Source)
  org.apache.poi.xssf.usermodel.XSSFFactory.createDocumentPart(XSSFFactory.java:59)
  org.apache.poi.POIXMLDocumentPart.read(POIXMLDocumentPart.java:465)
  org.apache.poi.POIXMLDocument.load(POIXMLDocument.java:173)
  org.apache.poi.xssf.usermodel.XSSFWorkbook.<init>(XSSFWorkbook.java:278)
  com.gorski.Collections.XLSobject.collectData(XLSobject.java:36)
  com.gorski.Collections.XLSobject.<init>(XLSobject.java:23)
  com.gorski.ngTesting.XLStoCSVTest.runTest(XLStoCSVTest.java:28)
  sun.reflect.NativeMethodAccessorImpl.invoke0(Native Method)
  sun.reflect.NativeMethodAccessorImpl.invoke(Unknown Source)
  sun.reflect.DelegatingMethodAccessorImpl.invoke(Unknown Source)
  java.lang.reflect.Method.invoke(Unknown Source)
  org.testng.internal.MethodInvocationHelper.invokeMethod(MethodInvocationHelper.java:85)
  org.testng.internal.Invoker.invokeMethod(Invoker.java:696)
  org.testng.internal.Invoker.invokeTestMethod(Invoker.java:882)
  org.testng.internal.Invoker.invokeTestMethods(Invoker.java:1189)
  org.testng.internal.TestMethodWorker.invokeTestMethods(TestMethodWorker.java:124)
  org.testng.internal.TestMethodWorker.run(TestMethodWorker.java:108)
  org.testng.TestRunner.privateRun(TestRunner.java:767)
  org.testng.TestRunner.run(TestRunner.java:617)
  org.testng.SuiteRunner.runTest(SuiteRunner.java:348)
  org.testng.SuiteRunner.runSequentially(SuiteRunner.java:343)
  org.testng.SuiteRunner.privateRun(SuiteRunner.java:305)
  org.testng.SuiteRunner.run(SuiteRunner.java:254)
  org.testng.SuiteRunnerWorker.runSuite(SuiteRunnerWorker.java:52)
  org.testng.SuiteRunnerWorker.run(SuiteRunnerWorker.java:86)
  org.testng.TestNG.runSuitesSequentially(TestNG.java:1224)
  org.testng.TestNG.runSuitesLocally(TestNG.java:1149)
  org.testng.TestNG.run(TestNG.java:1057)
  com.gorski.ngTesting.ngTestDriver.main(ngTestDriver.java:89)
Caused by: java.lang.ClassNotFoundException: org.openxmlformats.schemas.drawingml.x2006.main.ThemeDocument
  java.net.URLClassLoader.findClass(Unknown Source)
  java.lang.ClassLoader.loadClass(Unknown Source)
  sun.misc.Launcher$AppClassLoader.loadClass(Unknown Source)
  java.lang.ClassLoader.loadClass(Unknown Source)
  java.lang.Class.getDeclaredConstructors0(Native Method)
  java.lang.Class.privateGetDeclaredConstructors(Unknown Source)
  java.lang.Class.getConstructor0(Unknown Source)
  java.lang.Class.getDeclaredConstructor(Unknown Source)
  org.apache.poi.xssf.usermodel.XSSFFactory.createDocumentPart(XSSFFactory.java:59)
  org.apache.poi.POIXMLDocumentPart.read(POIXMLDocumentPart.java:465)
  org.apache.poi.POIXMLDocument.load(POIXMLDocument.java:173)
  org.apache.poi.xssf.usermodel.XSSFWorkbook.<init>(XSSFWorkbook.java:278)
  com.gorski.Collections.XLSobject.collectData(XLSobject.java:36)
  com.gorski.Collections.XLSobject.<init>(XLSobject.java:23)
  com.gorski.ngTesting.XLStoCSVTest.runTest(XLStoCSVTest.java:28)
  sun.reflect.NativeMethodAccessorImpl.invoke0(Native Method)
  sun.reflect.NativeMethodAccessorImpl.invoke(Unknown Source)
  sun.reflect.DelegatingMethodAccessorImpl.invoke(Unknown Source)
  java.lang.reflect.Method.invoke(Unknown Source)
  org.testng.internal.MethodInvocationHelper.invokeMethod(MethodInvocationHelper.java:85)
  org.testng.internal.Invoker.invokeMethod(Invoker.java:696)
  org.testng.internal.Invoker.invokeTestMethod(Invoker.java:882)
  org.testng.internal.Invoker.invokeTestMethods(Invoker.java:1189)
  org.testng.internal.TestMethodWorker.invokeTestMethods(TestMethodWorker.java:124)
  org.testng.internal.TestMethodWorker.run(TestMethodWorker.java:108)
  org.testng.TestRunner.privateRun(TestRunner.java:767)
  org.testng.TestRunner.run(TestRunner.java:617)
  org.testng.SuiteRunner.runTest(SuiteRunner.java:348)
  org.testng.SuiteRunner.runSequentially(SuiteRunner.java:343)
  org.testng.SuiteRunner.privateRun(SuiteRunner.java:305)
  org.testng.SuiteRunner.run(SuiteRunner.java:254)
  org.testng.SuiteRunnerWorker.runSuite(SuiteRunnerWorker.java:52)
  org.testng.SuiteRunnerWorker.run(SuiteRunnerWorker.java:86)
  org.testng.TestNG.runSuitesSequentially(TestNG.java:1224)
  org.testng.TestNG.runSuitesLocally(TestNG.java:1149)
  org.testng.TestNG.run(TestNG.java:1057)
  com.gorski.ngTesting.ngTestDriver.main(ngTestDriver.java:89)
]]>
      </failure>

          </testcase>
  
  
  
</testsuite>
